[debug] [2021-04-03T21:14:25.233Z] ----------------------------------------------------------------------
[debug] [2021-04-03T21:14:25.249Z] Command:       C:\Program Files\nodejs\node.exe C:\Users\brian\AppData\Roaming\npm\node_modules\firebase-tools\lib\bin\firebase.js deploy
[debug] [2021-04-03T21:14:25.252Z] CLI Version:   9.3.0
[debug] [2021-04-03T21:14:25.253Z] Platform:      win32
[debug] [2021-04-03T21:14:25.254Z] Node Version:  v12.18.4
[debug] [2021-04-03T21:14:25.672Z] Time:          Sat Apr 03 2021 16:14:25 GMT-0500 (Colombia Standard Time)
[debug] [2021-04-03T21:14:25.673Z] ----------------------------------------------------------------------
[debug] [2021-04-03T21:14:25.674Z] 
[debug] [2021-04-03T21:14:25.865Z] > command requires scopes: ["email","openid","https://www.googleapis.com/auth/cloudplatformprojects.readonly","https://www.googleapis.com/auth/firebase","https://www.googleapis.com/auth/cloud-platform"]
[debug] [2021-04-03T21:14:25.867Z] > authorizing via signed-in user
[debug] [2021-04-03T21:14:25.868Z] [iam] checking project stroop-games for permissions ["cloudfunctions.functions.create","cloudfunctions.functions.delete","cloudfunctions.functions.get","cloudfunctions.functions.list","cloudfunctions.functions.update","cloudfunctions.operations.get","firebase.projects.get","firebasehosting.sites.update"]
[debug] [2021-04-03T21:14:25.877Z] > refreshing access token with scopes: ["email","https://www.googleapis.com/auth/cloud-platform","https://www.googleapis.com/auth/cloudplatformprojects.readonly","https://www.googleapis.com/auth/firebase","openid"]
[debug] [2021-04-03T21:14:25.878Z] >>> HTTP REQUEST POST https://www.googleapis.com/oauth2/v3/token  
 <request body omitted>
[debug] [2021-04-03T21:14:29.522Z] <<< HTTP RESPONSE 200 {"cache-control":"no-cache, no-store, max-age=0, must-revalidate","pragma":"no-cache","expires":"Mon, 01 Jan 1990 00:00:00 GMT","date":"Sat, 03 Apr 2021 21:14:29 GMT","content-type":"application/json; charset=utf-8","vary":"X-Origin, Referer, Origin,Accept-Encoding","server":"scaffolding on HTTPServer2","x-xss-protection":"0","x-frame-options":"SAMEORIGIN","x-content-type-options":"nosniff","alt-svc":"h3-29=\":443\"; ma=2592000,h3-T051=\":443\"; ma=2592000,h3-Q050=\":443\"; ma=2592000,h3-Q046=\":443\"; ma=2592000,h3-Q043=\":443\"; ma=2592000,quic=\":443\"; ma=2592000; v=\"46,43\"","accept-ranges":"none","transfer-encoding":"chunked"}
[debug] [2021-04-03T21:14:29.860Z] >>> HTTP REQUEST POST https://cloudresourcemanager.googleapis.com/v1/projects/stroop-games:testIamPermissions  
 {"permissions":["cloudfunctions.functions.create","cloudfunctions.functions.delete","cloudfunctions.functions.get","cloudfunctions.functions.list","cloudfunctions.functions.update","cloudfunctions.operations.get","firebase.projects.get","firebasehosting.sites.update"]}
[debug] [2021-04-03T21:14:30.610Z] <<< HTTP RESPONSE 200 {"content-type":"application/json; charset=UTF-8","vary":"X-Origin, Referer, Origin,Accept-Encoding","date":"Sat, 03 Apr 2021 21:14:30 GMT","server":"ESF","cache-control":"private","x-xss-protection":"0","x-frame-options":"SAMEORIGIN","x-content-type-options":"nosniff","server-timing":"gfet4t7; dur=480","alt-svc":"h3-29=\":443\"; ma=2592000,h3-T051=\":443\"; ma=2592000,h3-Q050=\":443\"; ma=2592000,h3-Q046=\":443\"; ma=2592000,h3-Q043=\":443\"; ma=2592000,quic=\":443\"; ma=2592000; v=\"46,43\"","accept-ranges":"none","transfer-encoding":"chunked"}
[debug] [2021-04-03T21:14:30.614Z] >>> HTTP REQUEST POST https://iam.googleapis.com/v1/projects/stroop-games/serviceAccounts/stroop-games@appspot.gserviceaccount.com:testIamPermissions  
 {"permissions":["iam.serviceAccounts.actAs"]}
[debug] [2021-04-03T21:14:31.368Z] <<< HTTP RESPONSE 200 {"content-type":"application/json; charset=UTF-8","vary":"X-Origin, Referer, Origin,Accept-Encoding","date":"Sat, 03 Apr 2021 21:14:31 GMT","server":"ESF","cache-control":"private","x-xss-protection":"0","x-frame-options":"SAMEORIGIN","x-content-type-options":"nosniff","alt-svc":"h3-29=\":443\"; ma=2592000,h3-T051=\":443\"; ma=2592000,h3-Q050=\":443\"; ma=2592000,h3-Q046=\":443\"; ma=2592000,h3-Q043=\":443\"; ma=2592000,quic=\":443\"; ma=2592000; v=\"46,43\"","accept-ranges":"none","transfer-encoding":"chunked"}
[debug] [2021-04-03T21:14:31.374Z] > refreshing access token with scopes: []
[debug] [2021-04-03T21:14:31.376Z] >>> HTTP REQUEST POST https://www.googleapis.com/oauth2/v3/token  
 <request body omitted>
[debug] [2021-04-03T21:14:31.654Z] <<< HTTP RESPONSE 200 {"cache-control":"no-cache, no-store, max-age=0, must-revalidate","expires":"Mon, 01 Jan 1990 00:00:00 GMT","pragma":"no-cache","date":"Sat, 03 Apr 2021 21:14:31 GMT","content-type":"application/json; charset=utf-8","vary":"X-Origin, Referer, Origin,Accept-Encoding","server":"scaffolding on HTTPServer2","x-xss-protection":"0","x-frame-options":"SAMEORIGIN","x-content-type-options":"nosniff","alt-svc":"h3-29=\":443\"; ma=2592000,h3-T051=\":443\"; ma=2592000,h3-Q050=\":443\"; ma=2592000,h3-Q046=\":443\"; ma=2592000,h3-Q043=\":443\"; ma=2592000,quic=\":443\"; ma=2592000; v=\"46,43\"","accept-ranges":"none","transfer-encoding":"chunked"}
[debug] [2021-04-03T21:14:31.754Z] >>> [apiv2][query] GET https://firebase.googleapis.com/v1beta1/projects/stroop-games [none]
[debug] [2021-04-03T21:14:32.581Z] <<< [apiv2][status] GET https://firebase.googleapis.com/v1beta1/projects/stroop-games 200
[debug] [2021-04-03T21:14:32.583Z] <<< [apiv2][body] GET https://firebase.googleapis.com/v1beta1/projects/stroop-games {"projectId":"stroop-games","projectNumber":"304677985045","displayName":"Stroop","name":"projects/stroop-games","resources":{"hostingSite":"stroop-games","storageBucket":"stroop-games.appspot.com","locationId":"us-central"},"state":"ACTIVE"}
[warn] !  functions: package.json indicates an outdated version of firebase-functions.
Please upgrade using npm install --save firebase-functions@latest in your functions directory. 
[info] 
[info] === Deploying to 'stroop-games'...
[info] 
[info] i  deploying functions, hosting 
[info] Running command: npm --prefix "$RESOURCE_DIR" run build
[info] +  functions: Finished running predeploy script. 
[debug] [2021-04-03T21:15:11.051Z] > [functions] package.json contents: {
  "name": "functions",
  "scripts": {
    "build": "tsc",
    "serve": "npm run build && firebase emulators:start --only functions",
    "shell": "npm run build && firebase functions:shell",
    "start": "npm run shell",
    "deploy": "firebase deploy --only functions",
    "logs": "firebase functions:log"
  },
  "engines": {
    "node": "12"
  },
  "main": "lib/index.js",
  "dependencies": {
    "firebase-admin": "^9.2.0",
    "firebase-functions": "^3.11.0"
  },
  "devDependencies": {
    "typescript": "^3.8.0",
    "firebase-functions-test": "^0.2.0"
  },
  "private": true
}
[info] i  functions: ensuring required API cloudfunctions.googleapis.com is enabled... 
[debug] [2021-04-03T21:15:13.968Z] > refreshing access token with scopes: ["email","https://www.googleapis.com/auth/cloud-platform","https://www.googleapis.com/auth/cloudplatformprojects.readonly","https://www.googleapis.com/auth/firebase","openid"]
[debug] [2021-04-03T21:15:13.968Z] >>> HTTP REQUEST POST https://www.googleapis.com/oauth2/v3/token  
 <request body omitted>
[debug] [2021-04-03T21:15:13.971Z] > refreshing access token with scopes: ["email","https://www.googleapis.com/auth/cloud-platform","https://www.googleapis.com/auth/cloudplatformprojects.readonly","https://www.googleapis.com/auth/firebase","openid"]
[debug] [2021-04-03T21:15:13.972Z] >>> HTTP REQUEST POST https://www.googleapis.com/oauth2/v3/token  
 <request body omitted>
[info] i  functions: ensuring required API cloudbuild.googleapis.com is enabled... 
[debug] [2021-04-03T21:15:13.974Z] > refreshing access token with scopes: ["email","https://www.googleapis.com/auth/cloud-platform","https://www.googleapis.com/auth/cloudplatformprojects.readonly","https://www.googleapis.com/auth/firebase","openid"]
[debug] [2021-04-03T21:15:13.975Z] >>> HTTP REQUEST POST https://www.googleapis.com/oauth2/v3/token  
 <request body omitted>
[debug] [2021-04-03T21:15:14.229Z] <<< HTTP RESPONSE 200 {"cache-control":"no-cache, no-store, max-age=0, must-revalidate","pragma":"no-cache","expires":"Mon, 01 Jan 1990 00:00:00 GMT","date":"Sat, 03 Apr 2021 21:15:14 GMT","content-type":"application/json; charset=utf-8","vary":"X-Origin, Referer, Origin,Accept-Encoding","server":"scaffolding on HTTPServer2","x-xss-protection":"0","x-frame-options":"SAMEORIGIN","x-content-type-options":"nosniff","alt-svc":"h3-29=\":443\"; ma=2592000,h3-T051=\":443\"; ma=2592000,h3-Q050=\":443\"; ma=2592000,h3-Q046=\":443\"; ma=2592000,h3-Q043=\":443\"; ma=2592000,quic=\":443\"; ma=2592000; v=\"46,43\"","accept-ranges":"none","transfer-encoding":"chunked"}
[debug] [2021-04-03T21:15:14.297Z] >>> HTTP REQUEST GET https://serviceusage.googleapis.com/v1/projects/stroop-games/services/cloudbuild.googleapis.com  
 
[debug] [2021-04-03T21:15:14.305Z] <<< HTTP RESPONSE 200 {"cache-control":"no-cache, no-store, max-age=0, must-revalidate","expires":"Mon, 01 Jan 1990 00:00:00 GMT","pragma":"no-cache","date":"Sat, 03 Apr 2021 21:15:14 GMT","content-type":"application/json; charset=utf-8","vary":"X-Origin, Referer, Origin,Accept-Encoding","server":"scaffolding on HTTPServer2","x-xss-protection":"0","x-frame-options":"SAMEORIGIN","x-content-type-options":"nosniff","alt-svc":"h3-29=\":443\"; ma=2592000,h3-T051=\":443\"; ma=2592000,h3-Q050=\":443\"; ma=2592000,h3-Q046=\":443\"; ma=2592000,h3-Q043=\":443\"; ma=2592000,quic=\":443\"; ma=2592000; v=\"46,43\"","accept-ranges":"none","transfer-encoding":"chunked"}
[debug] [2021-04-03T21:15:14.347Z] >>> HTTP REQUEST GET https://serviceusage.googleapis.com/v1/projects/stroop-games/services/cloudfunctions.googleapis.com  
 
[debug] [2021-04-03T21:15:14.350Z] <<< HTTP RESPONSE 200 {"expires":"Mon, 01 Jan 1990 00:00:00 GMT","pragma":"no-cache","date":"Sat, 03 Apr 2021 21:15:14 GMT","cache-control":"no-cache, no-store, max-age=0, must-revalidate","content-type":"application/json; charset=utf-8","vary":"X-Origin, Referer, Origin,Accept-Encoding","server":"scaffolding on HTTPServer2","x-xss-protection":"0","x-frame-options":"SAMEORIGIN","x-content-type-options":"nosniff","alt-svc":"h3-29=\":443\"; ma=2592000,h3-T051=\":443\"; ma=2592000,h3-Q050=\":443\"; ma=2592000,h3-Q046=\":443\"; ma=2592000,h3-Q043=\":443\"; ma=2592000,quic=\":443\"; ma=2592000; v=\"46,43\"","accept-ranges":"none","transfer-encoding":"chunked"}
[debug] [2021-04-03T21:15:14.423Z] >>> HTTP REQUEST GET https://serviceusage.googleapis.com/v1/projects/stroop-games/services/runtimeconfig.googleapis.com  
 
[debug] [2021-04-03T21:15:15.225Z] <<< HTTP RESPONSE 200 {"content-type":"application/json; charset=UTF-8","vary":"X-Origin, Referer, Origin,Accept-Encoding","date":"Sat, 03 Apr 2021 21:15:15 GMT","server":"ESF","cache-control":"private","x-xss-protection":"0","x-frame-options":"SAMEORIGIN","x-content-type-options":"nosniff","alt-svc":"h3-29=\":443\"; ma=2592000,h3-T051=\":443\"; ma=2592000,h3-Q050=\":443\"; ma=2592000,h3-Q046=\":443\"; ma=2592000,h3-Q043=\":443\"; ma=2592000,quic=\":443\"; ma=2592000; v=\"46,43\"","accept-ranges":"none","transfer-encoding":"chunked"}
[debug] [2021-04-03T21:15:15.339Z] <<< HTTP RESPONSE 200 {"content-type":"application/json; charset=UTF-8","vary":"X-Origin, Referer, Origin,Accept-Encoding","date":"Sat, 03 Apr 2021 21:15:15 GMT","server":"ESF","cache-control":"private","x-xss-protection":"0","x-frame-options":"SAMEORIGIN","x-content-type-options":"nosniff","alt-svc":"h3-29=\":443\"; ma=2592000,h3-T051=\":443\"; ma=2592000,h3-Q050=\":443\"; ma=2592000,h3-Q046=\":443\"; ma=2592000,h3-Q043=\":443\"; ma=2592000,quic=\":443\"; ma=2592000; v=\"46,43\"","accept-ranges":"none","transfer-encoding":"chunked"}
[info] +  functions: required API cloudfunctions.googleapis.com is enabled 
[debug] [2021-04-03T21:15:15.342Z] <<< HTTP RESPONSE 200 {"content-type":"application/json; charset=UTF-8","vary":"X-Origin, Referer, Origin,Accept-Encoding","date":"Sat, 03 Apr 2021 21:15:15 GMT","server":"ESF","cache-control":"private","x-xss-protection":"0","x-frame-options":"SAMEORIGIN","x-content-type-options":"nosniff","alt-svc":"h3-29=\":443\"; ma=2592000,h3-T051=\":443\"; ma=2592000,h3-Q050=\":443\"; ma=2592000,h3-Q046=\":443\"; ma=2592000,h3-Q043=\":443\"; ma=2592000,quic=\":443\"; ma=2592000; v=\"46,43\"","accept-ranges":"none","transfer-encoding":"chunked"}
[info] +  functions: required API cloudbuild.googleapis.com is enabled 
[debug] [2021-04-03T21:15:15.344Z] >>> HTTP REQUEST GET https://firebase.googleapis.com/v1beta1/projects/stroop-games/adminSdkConfig  
 
[debug] [2021-04-03T21:15:15.866Z] <<< HTTP RESPONSE 200 {"content-type":"application/json; charset=UTF-8","vary":"X-Origin, Referer, Origin,Accept-Encoding","date":"Sat, 03 Apr 2021 21:15:16 GMT","server":"ESF","cache-control":"private","x-xss-protection":"0","x-frame-options":"SAMEORIGIN","x-content-type-options":"nosniff","alt-svc":"h3-29=\":443\"; ma=2592000,h3-T051=\":443\"; ma=2592000,h3-Q050=\":443\"; ma=2592000,h3-Q046=\":443\"; ma=2592000,h3-Q043=\":443\"; ma=2592000,quic=\":443\"; ma=2592000; v=\"46,43\"","accept-ranges":"none","transfer-encoding":"chunked"}
[debug] [2021-04-03T21:15:15.880Z] >>> HTTP REQUEST POST https://firebasehosting.googleapis.com/v1beta1/sites/stroop-games/versions  
 {"config":{},"labels":{"deployment-tool":"cli-firebase"}}
[debug] [2021-04-03T21:15:17.296Z] <<< HTTP RESPONSE 200 {"content-type":"application/json; charset=UTF-8","vary":"X-Origin, Referer, Origin,Accept-Encoding","date":"Sat, 03 Apr 2021 21:15:17 GMT","server":"ESF","cache-control":"private","x-xss-protection":"0","x-frame-options":"SAMEORIGIN","x-content-type-options":"nosniff","alt-svc":"h3-29=\":443\"; ma=2592000,h3-T051=\":443\"; ma=2592000,h3-Q050=\":443\"; ma=2592000,h3-Q046=\":443\"; ma=2592000,h3-Q043=\":443\"; ma=2592000,quic=\":443\"; ma=2592000; v=\"46,43\"","accept-ranges":"none","transfer-encoding":"chunked"}
[info] i  functions: preparing functions directory for uploading... 
[debug] [2021-04-03T21:15:17.308Z] >>> HTTP REQUEST GET https://runtimeconfig.googleapis.com/v1beta1/projects/stroop-games/configs  
 
[debug] [2021-04-03T21:15:18.156Z] <<< HTTP RESPONSE 200 {"content-type":"application/json; charset=UTF-8","vary":"X-Origin, Referer, Origin,Accept-Encoding","date":"Sat, 03 Apr 2021 21:15:18 GMT","server":"ESF","cache-control":"private","x-xss-protection":"0","x-frame-options":"SAMEORIGIN","x-content-type-options":"nosniff","alt-svc":"h3-29=\":443\"; ma=2592000,h3-T051=\":443\"; ma=2592000,h3-Q050=\":443\"; ma=2592000,h3-Q046=\":443\"; ma=2592000,h3-Q043=\":443\"; ma=2592000,quic=\":443\"; ma=2592000; v=\"46,43\"","accept-ranges":"none","transfer-encoding":"chunked"}
[debug] [2021-04-03T21:15:18.354Z] >>> HTTP REQUEST GET https://cloudfunctions.googleapis.com/v1/projects/stroop-games/locations/-/functions  
 
[debug] [2021-04-03T21:15:19.160Z] <<< HTTP RESPONSE 200 {"content-type":"application/json; charset=UTF-8","vary":"X-Origin, Referer, Origin,Accept-Encoding","date":"Sat, 03 Apr 2021 21:15:19 GMT","server":"ESF","cache-control":"private","x-xss-protection":"0","x-frame-options":"SAMEORIGIN","x-content-type-options":"nosniff","alt-svc":"h3-29=\":443\"; ma=2592000,h3-T051=\":443\"; ma=2592000,h3-Q050=\":443\"; ma=2592000,h3-Q046=\":443\"; ma=2592000,h3-Q043=\":443\"; ma=2592000,quic=\":443\"; ma=2592000; v=\"46,43\"","accept-ranges":"none","transfer-encoding":"chunked"}
[info] i  hosting[stroop-games]: beginning deploy... 
[info] i  hosting[stroop-games]: found 44 files in public 
[debug] [2021-04-03T21:15:19.431Z] > refreshing access token with scopes: []
[debug] [2021-04-03T21:15:19.432Z] >>> HTTP REQUEST POST https://www.googleapis.com/oauth2/v3/token  
 <request body omitted>
[debug] [2021-04-03T21:15:19.434Z] [hosting] hash cache [cHVibGlj] stored for 44 files
[debug] [2021-04-03T21:15:19.435Z] [hosting][hash queue][FINAL] {"max":167,"min":1,"avg":15.681818181818182,"active":0,"complete":44,"success":44,"errored":0,"retried":0,"total":44,"elapsed":179}
[debug] [2021-04-03T21:15:19.708Z] <<< HTTP RESPONSE 200 {"expires":"Mon, 01 Jan 1990 00:00:00 GMT","cache-control":"no-cache, no-store, max-age=0, must-revalidate","pragma":"no-cache","date":"Sat, 03 Apr 2021 21:15:19 GMT","content-type":"application/json; charset=utf-8","vary":"X-Origin, Referer, Origin,Accept-Encoding","server":"scaffolding on HTTPServer2","x-xss-protection":"0","x-frame-options":"SAMEORIGIN","x-content-type-options":"nosniff","alt-svc":"h3-29=\":443\"; ma=2592000,h3-T051=\":443\"; ma=2592000,h3-Q050=\":443\"; ma=2592000,h3-Q046=\":443\"; ma=2592000,h3-Q043=\":443\"; ma=2592000,quic=\":443\"; ma=2592000; v=\"46,43\"","accept-ranges":"none","transfer-encoding":"chunked"}
[debug] [2021-04-03T21:15:19.836Z] >>> [apiv2][query] POST https://firebasehosting.googleapis.com/v1beta1/sites/stroop-games/versions/beb58461f7c4b461:populateFiles [none]
[debug] [2021-04-03T21:15:19.838Z] >>> [apiv2][body] POST https://firebasehosting.googleapis.com/v1beta1/sites/stroop-games/versions/beb58461f7c4b461:populateFiles {"files":{"/favicon.ico":"2c19690e9587bae12f419b34d2edeecc76808099540a9c9f4ea6194116cfc8f7","/assets/audio/Abajo.mp3":"1d13da8af3868c4d41098a58f327b1f5b4ebb0be14edf26350c79e8fb65299dc","/assets/audio/Arriba.mp3":"6e25dbeca29efdff28ddec002fc550a5ab4e2829cd649e8a710a8ec3e0ab99b0","/assets/audio/Correcto.mp3":"7c5849a537c4b9118ec8cd87017d8959ebc02eeacade8ef4a5a7be629f4958ec","/assets/audio/Derecha inferior.mp3":"4411d909cfafcd638f75f3540ee68eff2fd1ec082fd388e027c27583ebe6bc66","/assets/audio/Derecha superior.mp3":"d6364b7ed26358d0630e5718bace06f5788bda8d5e4b23894519275fff42136a","/assets/audio/Derecha.mp3":"51292b79009aabd86ad1a263a5a5829201adf42e02e7acd87268b3f110772877","/assets/audio/Incorrecta.mp3":"1fdf79c5f87f59f1a88aec6785bfcc10d1b5eae73281c3d2066f9a5b862bec8b","/assets/audio/Izquierda inferior.mp3":"61d234c592cc0ac80c861a5727177fde619b0bd863cf98c40df46c5ede7018a4","/assets/audio/Izquierda superior.mp3":"51279330db08f4524754441e82d7626f5d77868cb8f318eab50b85f51cd31e46","/assets/audio/Izquierda.mp3":"25b3e67635fbeb8e9eb4a32ecc3c51b2929c49b8a697e1fdf32143e378c4d0ce","/assets/img/Abajo.png":"5a5fa2a6242c3ad62017d34a040a1dade70be22ab709b89e9cad93da09f2f460","/assets/img/Arriba.png":"354372ab76332fe4d132634be1e16495cd5deb3be511ee1238f09da860700cb5","/assets/img/cabeza.png":"33c2cc3ca3fcac855b844bcd808f13b1ec56a4cd287bc826545df4f39b6a142c","/assets/img/cam-hand.jpg":"abfd5c8b493f7421fb6c62c57d6434dfef8305ae2ccac7512798c53baf8a138f","/assets/img/cam-head.jpg":"bc7d0b1a8119ee464cfb541fe3605666b8f693d8512fcdcea67bf6da86ffa9bd","/assets/img/correcto.png":"c3052e805d467619a169311fd1fe7d3c41669ae6321d2d890c0bb463dc12c54a","/assets/img/Derecha inferior.png":"864c7fd3ba0872cb10296a3918a09a359e32765d85466c84666c1abd8833df96","/assets/img/Derecha superior.png":"56c28ebfa814bad8b0d2678cf36a1554c659e9da4ef1a5038c8649d172acb216","/assets/img/Derecha.png":"4b33c47f2ca77a7f4e1decf81c209d925ca79b0524a03619f75cc429ad89f30a","/assets/img/incorrecto.png":"e89bc93248e9e0d1014c0255a464e1af677c35fe769ba60bb5fc8f480e6d369f","/assets/img/Izquierda inferior.png":"bc744d6dc47900184ec8fae87dc3db469d2a535e440c24a20e784c2cfd081339","/assets/img/Izquierda superior.png":"aae209e59c9b1af660a55958e36d5bef5f65391bf91acd6f19aae052d2853d57","/assets/img/Izquierda.png":"634452fa34e1f6bc04608ff82b9e6cd846a6f34cb967ade162a8881575fb5251","/assets/img/logo.png":"851a51d4f76c628a39f153ee57a9b1b8a2d49d32dbb994745bbf89cc5959fff5","/assets/img/mano.png":"2788908d48f3c1db146ab7703de55cf8d915510b60790b0cedbc276ddbe86c71","/assets/img/ojo.png":"d0c0c8aba0774253052adb287ed9768a90d01fa675cb46a5ea71b2dbbf5ceae9","/assets/img/parlante.gif":"9a5b2ee2f48a5645625253726820a910e14789cd0fb8ec527727586439290fe4","/assets/img/sensibilidad.jpg":"e6c23b31ac1d7589be7741e58fde5585ce696af4f9c69195f4012b2aa6666ed3","/assets/img/opc/Abajo.png":"b7b5e6d7e8a9bf4777074fd0a0b246d25badb5fa8cf81efb625e26c1ed363084","/assets/img/opc/Arriba.png":"91a7576cb26d7f715eb56f378bdec23f9d84f44d11f27adc17d8a6d966bd10d2","/assets/img/opc/Derecha inferior.png":"a52c124ebb8db388fc41eaae2a42c06357fbb435067b8747922813cf631e06bf","/assets/img/opc/Derecha superior.png":"dd182d7d2950b24bcb1458e5beab389056a4dc3badbecb2702d632526058b236","/assets/img/opc/Derecha.png":"8b4c0ad4cae53e26179ef0cfc4d26d9d1ed74ec843cde328de6780d6c8ee24fd","/assets/img/opc/Izquierda inferior.png":"ef4a3f573447eca8d016c26965b49b3d394d553788f87c9c928b832388973b97","/assets/img/opc/Izquierda superior.png":"f61db8fa30b7d9fc83fdee621a9cb0c074e5069f3c1cb7fed95f9d1bab8e7c66","/assets/img/opc/Izquierda.png":"3d5881dca513ef4dfd59e6356a6cc1eb8646285e7dbf9576d14c71874159f995","/index.html":"2343863247bbac59a7738155f5ea2e4256e0e79579fb1c0b6e63403c157b9742","/3rdpartylicenses.txt":"ce559f4c14c901fec50ff44a245a069f7137d8efeb1cf16640b371e8594e9f94","/runtime.3b5b9671000f3508d592.js":"85f16047dadc6601bf904a73e4ce30c4ad9f255c45a5e042b07ae913b0ab809c","/polyfills.35a5ca1855eb057f016a.js":"a1fede77a96a9862ecf2609e7bebc3b617fc90d9ba98fa6690e6b27b65d67388","/styles.78d9009fed6bbdc9dc15.css":"6886b142ce29190bff2c1e1cf8457c31085180754d5af1b2309f59cb7c20a066","/4.617ada3135b8b7e49002.js":"a17a300671085d3e44a28dc96c3659ac1d0ccc753e07c6367dbe51daaa8b99d6","/main.4a8494e680f4e479191d.js":"facc41feb0c1c02541990f58409bcac0bb57731b9d3539f77675fae504e21164"}}
[debug] [2021-04-03T21:15:20.828Z] <<< [apiv2][status] POST https://firebasehosting.googleapis.com/v1beta1/sites/stroop-games/versions/beb58461f7c4b461:populateFiles 200
[debug] [2021-04-03T21:15:20.828Z] <<< [apiv2][body] POST https://firebasehosting.googleapis.com/v1beta1/sites/stroop-games/versions/beb58461f7c4b461:populateFiles {"uploadRequiredHashes":["2343863247bbac59a7738155f5ea2e4256e0e79579fb1c0b6e63403c157b9742","facc41feb0c1c02541990f58409bcac0bb57731b9d3539f77675fae504e21164"],"uploadUrl":"https://upload-firebasehosting.googleapis.com/upload/sites/stroop-games/versions/beb58461f7c4b461/files"}
[debug] [2021-04-03T21:15:20.830Z] >>> [apiv2][query] POST https://upload-firebasehosting.googleapis.com/upload/sites/stroop-games/versions/beb58461f7c4b461/files/2343863247bbac59a7738155f5ea2e4256e0e79579fb1c0b6e63403c157b9742 [none]
[debug] [2021-04-03T21:15:20.831Z] >>> [apiv2][body] POST https://upload-firebasehosting.googleapis.com/upload/sites/stroop-games/versions/beb58461f7c4b461/files/2343863247bbac59a7738155f5ea2e4256e0e79579fb1c0b6e63403c157b9742 [stream]
[debug] [2021-04-03T21:15:20.833Z] >>> [apiv2][query] POST https://upload-firebasehosting.googleapis.com/upload/sites/stroop-games/versions/beb58461f7c4b461/files/facc41feb0c1c02541990f58409bcac0bb57731b9d3539f77675fae504e21164 [none]
[debug] [2021-04-03T21:15:20.833Z] >>> [apiv2][body] POST https://upload-firebasehosting.googleapis.com/upload/sites/stroop-games/versions/beb58461f7c4b461/files/facc41feb0c1c02541990f58409bcac0bb57731b9d3539f77675fae504e21164 [stream]
[debug] [2021-04-03T21:15:20.835Z] [hosting][populate queue][FINAL] {"max":1400,"min":1400,"avg":1400,"active":0,"complete":1,"success":1,"errored":0,"retried":0,"total":1,"elapsed":1405}
[debug] [2021-04-03T21:15:20.836Z] [hosting] uploads queued: 2
